This is pdfTeX, Version 3.141592653-2.6-1.40.27 (TeX Live 2025) (preloaded format=pdflatex 2025.9.10)  7 MAR 2026 04:15
entering extended mode
 restricted \write18 enabled.
 file:line:error style messages enabled.
 %&-line parsing enabled.
**main.tex
(./main.tex
LaTeX2e <2024-11-01> patch level 2
L3 programming layer <2025-01-18>
(/usr/local/texlive/2025/texmf-dist/tex/latex/base/article.cls
Document Class: article 2024/06/29 v1.4n Standard LaTeX document class
(/usr/local/texlive/2025/texmf-dist/tex/latex/base/size10.clo
File: size10.clo 2024/06/29 v1.4n Standard LaTeX file (size option)
)
\c@part=\count196
\c@section=\count197
\c@subsection=\count198
\c@subsubsection=\count199
\c@paragraph=\count266
\c@subparagraph=\count267
\c@figure=\count268
\c@table=\count269
\abovecaptionskip=\skip49
\belowcaptionskip=\skip50
\bibindent=\dimen141
)
(/usr/local/texlive/2025/texmf-dist/tex/latex/geometry/geometry.sty
Package: geometry 2020/01/02 v5.9 Page Geometry

(/usr/local/texlive/2025/texmf-dist/tex/latex/graphics/keyval.sty
Package: keyval 2022/05/29 v1.15 key=value parser (DPC)
\KV@toks@=\toks17
)
(/usr/local/texlive/2025/texmf-dist/tex/generic/iftex/ifvtex.sty
Package: ifvtex 2019/10/25 v1.7 ifvtex legacy package. Use iftex instead.

(/usr/local/texlive/2025/texmf-dist/tex/generic/iftex/iftex.sty
Package: iftex 2024/12/12 v1.0g TeX engine tests
))
\Gm@cnth=\count270
\Gm@cntv=\count271
\c@Gm@tempcnt=\count272
\Gm@bindingoffset=\dimen142
\Gm@wd@mp=\dimen143
\Gm@odd@mp=\dimen144
\Gm@even@mp=\dimen145
\Gm@layoutwidth=\dimen146
\Gm@layoutheight=\dimen147
\Gm@layouthoffset=\dimen148
\Gm@layoutvoffset=\dimen149
\Gm@dimlist=\toks18
)
(/usr/local/texlive/2025/texmf-dist/tex/latex/graphics/graphicx.sty
Package: graphicx 2021/09/16 v1.2d Enhanced LaTeX Graphics (DPC,SPQR)

(/usr/local/texlive/2025/texmf-dist/tex/latex/graphics/graphics.sty
Package: graphics 2024/08/06 v1.4g Standard LaTeX Graphics (DPC,SPQR)

(/usr/local/texlive/2025/texmf-dist/tex/latex/graphics/trig.sty
Package: trig 2023/12/02 v1.11 sin cos tan (DPC)
)
(/usr/local/texlive/2025/texmf-dist/tex/latex/graphics-cfg/graphics.cfg
File: graphics.cfg 2016/06/04 v1.11 sample graphics configuration
)
Package graphics Info: Driver file: pdftex.def on input line 106.

(/usr/local/texlive/2025/texmf-dist/tex/latex/graphics-def/pdftex.def
File: pdftex.def 2024/04/13 v1.2c Graphics/color driver for pdftex
))
\Gin@req@height=\dimen150
\Gin@req@width=\dimen151
)
(/usr/local/texlive/2025/texmf-dist/tex/latex/xcolor/xcolor.sty
Package: xcolor 2024/09/29 v3.02 LaTeX color extensions (UK)

(/usr/local/texlive/2025/texmf-dist/tex/latex/graphics-cfg/color.cfg
File: color.cfg 2016/01/02 v1.6 sample color configuration
)
Package xcolor Info: Driver file: pdftex.def on input line 274.

(/usr/local/texlive/2025/texmf-dist/tex/latex/graphics/mathcolor.ltx)
Package xcolor Info: Model `cmy' substituted by `cmy0' on input line 1349.
Package xcolor Info: Model `hsb' substituted by `rgb' on input line 1353.
Package xcolor Info: Model `RGB' extended on input line 1365.
Package xcolor Info: Model `HTML' substituted by `rgb' on input line 1367.
Package xcolor Info: Model `Hsb' substituted by `hsb' on input line 1368.
Package xcolor Info: Model `tHsb' substituted by `hsb' on input line 1369.
Package xcolor Info: Model `HSB' substituted by `hsb' on input line 1370.
Package xcolor Info: Model `Gray' substituted by `gray' on input line 1371.
Package xcolor Info: Model `wave' substituted by `hsb' on input line 1372.
)
(/usr/local/texlive/2025/texmf-dist/tex/latex/colortbl/colortbl.sty
Package: colortbl 2024/07/06 v1.0i Color table columns (DPC)

(/usr/local/texlive/2025/texmf-dist/tex/latex/tools/array.sty
Package: array 2024/10/17 v2.6g Tabular extension package (FMi)
\col@sep=\dimen152
\ar@mcellbox=\box52
\extrarowheight=\dimen153
\NC@list=\toks19
\extratabsurround=\skip51
\backup@length=\skip52
\ar@cellbox=\box53
)
\everycr=\toks20
\minrowclearance=\skip53
\rownum=\count273
)
(/usr/local/texlive/2025/texmf-dist/tex/latex/textpos/textpos.sty
Package: textpos 2022/07/23 v1.10.1
Package textpos Info: choosing support for LaTeX3 on input line 60.
\TP@textbox=\box54
\TP@holdbox=\box55
\TPHorizModule=\dimen154
\TPVertModule=\dimen155
\TP@margin=\dimen156
\TP@absmargin=\dimen157

Grid set 16 x 16 = 38.39343pt x 49.68562pt
\TPboxrulesize=\dimen158
\TP@ox=\dimen159
\TP@oy=\dimen160
\TP@tbargs=\toks21
TextBlockOrigin set to 0pt x 0pt
)
TextBlockOrigin set to 0bp x 0bp
(/usr/local/texlive/2025/texmf-dist/tex/latex/l3backend/l3backend-pdftex.def
File: l3backend-pdftex.def 2024-05-08 L3 backend support: PDF output (pdfTeX)
\l__color_backend_stack_int=\count274
\l__pdf_internal_box=\box56
)
(build/main.aux)
\openout1 = `main.aux'.

LaTeX Font Info:    Checking defaults for OML/cmm/m/it on input line 32.
LaTeX Font Info:    ... okay on input line 32.
LaTeX Font Info:    Checking defaults for OMS/cmsy/m/n on input line 32.
LaTeX Font Info:    ... okay on input line 32.
LaTeX Font Info:    Checking defaults for OT1/cmr/m/n on input line 32.
LaTeX Font Info:    ... okay on input line 32.
LaTeX Font Info:    Checking defaults for T1/cmr/m/n on input line 32.
LaTeX Font Info:    ... okay on input line 32.
LaTeX Font Info:    Checking defaults for TS1/cmr/m/n on input line 32.
LaTeX Font Info:    ... okay on input line 32.
LaTeX Font Info:    Checking defaults for OMX/cmex/m/n on input line 32.
LaTeX Font Info:    ... okay on input line 32.
LaTeX Font Info:    Checking defaults for U/cmr/m/n on input line 32.
LaTeX Font Info:    ... okay on input line 32.

*geometry* driver: auto-detecting
*geometry* detected driver: pdftex
*geometry* verbose mode - [ preamble ] result:
* driver: pdftex
* paper: custom
* layout: <same size as paper>
* layoutoffset:(h,v)=(0.0pt,0.0pt)
* modes: 
* h-part:(L,W,R)=(0.0pt, 614.295pt, 0.0pt)
* v-part:(T,H,B)=(0.0pt, 794.96999pt, 0.0pt)
* \paperwidth=614.295pt
* \paperheight=794.96999pt
* \textwidth=614.295pt
* \textheight=794.96999pt
* \oddsidemargin=-72.26999pt
* \evensidemargin=-72.26999pt
* \topmargin=-109.26999pt
* \headheight=12.0pt
* \headsep=25.0pt
* \topskip=10.0pt
* \footskip=30.0pt
* \marginparwidth=65.0pt
* \marginparsep=11.0pt
* \columnsep=10.0pt
* \skip\footins=9.0pt plus 4.0pt minus 2.0pt
* \hoffset=0.0pt
* \voffset=0.0pt
* \mag=1000
* \@twocolumnfalse
* \@twosidefalse
* \@mparswitchfalse
* \@reversemarginfalse
* (1in=72.27pt=25.4mm, 1cm=28.453pt)

(/usr/local/texlive/2025/texmf-dist/tex/context/base/mkii/supp-pdf.mkii
[Loading MPS to PDF converter (version 2006.09.02).]
\scratchcounter=\count275
\scratchdimen=\dimen161
\scratchbox=\box57
\nofMPsegments=\count276
\nofMParguments=\count277
\everyMPshowfont=\toks22
\MPscratchCnt=\count278
\MPscratchDim=\dimen162
\MPnumerator=\count279
\makeMPintoPDFobject=\count280
\everyMPtoPDFconversion=\toks23
) (/usr/local/texlive/2025/texmf-dist/tex/latex/epstopdf-pkg/epstopdf-base.sty
Package: epstopdf-base 2020-01-24 v2.11 Base part for package epstopdf

(/usr/local/texlive/2025/texmf-dist/tex/generic/infwarerr/infwarerr.sty
Package: infwarerr 2019/12/03 v1.5 Providing info/warning/error messages (HO)
)
(/usr/local/texlive/2025/texmf-dist/tex/latex/grfext/grfext.sty
Package: grfext 2019/12/03 v1.3 Manage graphics extensions (HO)

(/usr/local/texlive/2025/texmf-dist/tex/generic/kvdefinekeys/kvdefinekeys.sty
Package: kvdefinekeys 2019-12-19 v1.6 Define keys (HO)
)) (/usr/local/texlive/2025/texmf-dist/tex/latex/kvoptions/kvoptions.sty
Package: kvoptions 2022-06-15 v3.15 Key value format for package options (HO)

(/usr/local/texlive/2025/texmf-dist/tex/generic/ltxcmds/ltxcmds.sty
Package: ltxcmds 2023-12-04 v1.26 LaTeX kernel commands for general use (HO)
)
(/usr/local/texlive/2025/texmf-dist/tex/latex/kvsetkeys/kvsetkeys.sty
Package: kvsetkeys 2022-10-05 v1.19 Key value parser (HO)
))
(/usr/local/texlive/2025/texmf-dist/tex/generic/pdftexcmds/pdftexcmds.sty
Package: pdftexcmds 2020-06-27 v0.33 Utility functions of pdfTeX for LuaTeX (HO
)
Package pdftexcmds Info: \pdf@primitive is available.
Package pdftexcmds Info: \pdf@ifprimitive is available.
Package pdftexcmds Info: \pdfdraftmode found.
)
Package epstopdf-base Info: Redefining graphics rule for `.eps' on input line 4
85.
Package grfext Info: Graphics extension search list:
(grfext)             [.pdf,.png,.jpg,.mps,.jpeg,.jbig2,.jb2,.PDF,.PNG,.JPG,.JPE
G,.JBIG2,.JB2,.eps]
(grfext)             \AppendGraphicsExtensions on input line 504.

(/usr/local/texlive/2025/texmf-dist/tex/latex/latexconfig/epstopdf-sys.cfg
File: epstopdf-sys.cfg 2010/07/13 v1.3 Configuration of (r)epstopdf for TeX Liv
e
))
(/Users/che/Library/CloudStorage/Dropbox/che_workspace/teaching/2026_Winston/pd
f-to-latex/output/hansen-econometrics/semantic/chapters/chapter-01.tex
(/Users/che/Library/CloudStorage/Dropbox/che_workspace/teaching/2026_Winston/pd
f-to-latex/output/hansen-econometrics/semantic/pages/page-0001.tex
</Users/che/Library/CloudStorage/Dropbox/che_workspace/teaching/2026_Winston/pd
f-to-latex/output/hansen-econometrics/pages/page-0001.png, id=1, 1842.885pt x 2
384.91pt>
File: /Users/che/Library/CloudStorage/Dropbox/che_workspace/teaching/2026_Winst
on/pdf-to-latex/output/hansen-econometrics/pages/page-0001.png Graphic file (ty
pe png)
<use /Users/che/Library/CloudStorage/Dropbox/che_workspace/teaching/2026_Winsto
n/pdf-to-latex/output/hansen-econometrics/pages/page-0001.png>
Package pdftex.def Info: /Users/che/Library/CloudStorage/Dropbox/che_workspace/
teaching/2026_Winston/pdf-to-latex/output/hansen-econometrics/pages/page-0001.p
ng  used on input line 3.
(pdftex.def)             Requested size: 614.28413pt x 794.95593pt.

(/Users/che/Library/CloudStorage/Dropbox/che_workspace/teaching/2026_Winston/pd
f-to-latex/output/hansen-econometrics/snippets/page-0001/p0001-b0001.tex
LaTeX Font Info:    External font `cmex10' loaded for size
(Font)              <7> on input line 5.
LaTeX Font Info:    External font `cmex10' loaded for size
(Font)              <5> on input line 5.
)
(/Users/che/Library/CloudStorage/Dropbox/che_workspace/teaching/2026_Winston/pd
f-to-latex/output/hansen-econometrics/snippets/page-0001/p0001-b0002.tex)
(/Users/che/Library/CloudStorage/Dropbox/che_workspace/teaching/2026_Winston/pd
f-to-latex/output/hansen-econometrics/snippets/page-0001/p0001-b0003.tex)

[1

{/usr/local/texlive/2025/texmf-var/fonts/map/pdftex/updmap/pdftex.map}{/usr/loc
al/texlive/2025/texmf-dist/fonts/enc/dvips/cm-super/cm-super-ts1.enc} </Users/c
he/Library/CloudStorage/Dropbox/che_workspace/teaching/2026_Winston/pdf-to-late
x/output/hansen-econometrics/pages/page-0001.png>])
(/Users/che/Library/CloudStorage/Dropbox/che_workspace/teaching/2026_Winston/pd
f-to-latex/output/hansen-econometrics/semantic/pages/page-0002.tex
</Users/che/Library/CloudStorage/Dropbox/che_workspace/teaching/2026_Winston/pd
f-to-latex/output/hansen-econometrics/pages/page-0002.png, id=12, 1842.885pt x 
2384.91pt>
File: /Users/che/Library/CloudStorage/Dropbox/che_workspace/teaching/2026_Winst
on/pdf-to-latex/output/hansen-econometrics/pages/page-0002.png Graphic file (ty
pe png)
<use /Users/che/Library/CloudStorage/Dropbox/che_workspace/teaching/2026_Winsto
n/pdf-to-latex/output/hansen-econometrics/pages/page-0002.png>
Package pdftex.def Info: /Users/che/Library/CloudStorage/Dropbox/che_workspace/
teaching/2026_Winston/pdf-to-latex/output/hansen-econometrics/pages/page-0002.p
ng  used on input line 3.
(pdftex.def)             Requested size: 614.28413pt x 794.95593pt.

(/Users/che/Library/CloudStorage/Dropbox/che_workspace/teaching/2026_Winston/pd
f-to-latex/output/hansen-econometrics/snippets/page-0002/p0002-b0001.tex)
(/Users/che/Library/CloudStorage/Dropbox/che_workspace/teaching/2026_Winston/pd
f-to-latex/output/hansen-econometrics/snippets/page-0002/p0002-b0002.tex)
(/Users/che/Library/CloudStorage/Dropbox/che_workspace/teaching/2026_Winston/pd
f-to-latex/output/hansen-econometrics/snippets/page-0002/p0002-b0003.tex)
(/Users/che/Library/CloudStorage/Dropbox/che_workspace/teaching/2026_Winston/pd
f-to-latex/output/hansen-econometrics/snippets/page-0002/p0002-b0004.tex)
(/Users/che/Library/CloudStorage/Dropbox/che_workspace/teaching/2026_Winston/pd
f-to-latex/output/hansen-econometrics/snippets/page-0002/p0002-b0005.tex)
(/Users/che/Library/CloudStorage/Dropbox/che_workspace/teaching/2026_Winston/pd
f-to-latex/output/hansen-econometrics/snippets/page-0002/p0002-b0006.tex)
(/Users/che/Library/CloudStorage/Dropbox/che_workspace/teaching/2026_Winston/pd
f-to-latex/output/hansen-econometrics/snippets/page-0002/p0002-b0007.tex)
(/Users/che/Library/CloudStorage/Dropbox/che_workspace/teaching/2026_Winston/pd
f-to-latex/output/hansen-econometrics/snippets/page-0002/p0002-b0008.tex)
(/Users/che/Library/CloudStorage/Dropbox/che_workspace/teaching/2026_Winston/pd
f-to-latex/output/hansen-econometrics/snippets/page-0002/p0002-b0009.tex)
(/Users/che/Library/CloudStorage/Dropbox/che_workspace/teaching/2026_Winston/pd
f-to-latex/output/hansen-econometrics/snippets/page-0002/p0002-b0010.tex)
(/Users/che/Library/CloudStorage/Dropbox/che_workspace/teaching/2026_Winston/pd
f-to-latex/output/hansen-econometrics/snippets/page-0002/p0002-b0011.tex)
(/Users/che/Library/CloudStorage/Dropbox/che_workspace/teaching/2026_Winston/pd
f-to-latex/output/hansen-econometrics/snippets/page-0002/p0002-b0012.tex)
(/Users/che/Library/CloudStorage/Dropbox/che_workspace/teaching/2026_Winston/pd
f-to-latex/output/hansen-econometrics/snippets/page-0002/p0002-b0013.tex)
(/Users/che/Library/CloudStorage/Dropbox/che_workspace/teaching/2026_Winston/pd
f-to-latex/output/hansen-econometrics/snippets/page-0002/p0002-b0014.tex)
(/Users/che/Library/CloudStorage/Dropbox/che_workspace/teaching/2026_Winston/pd
f-to-latex/output/hansen-econometrics/snippets/page-0002/p0002-b0015.tex)
(/Users/che/Library/CloudStorage/Dropbox/che_workspace/teaching/2026_Winston/pd
f-to-latex/output/hansen-econometrics/snippets/page-0002/p0002-b0016.tex)
(/Users/che/Library/CloudStorage/Dropbox/che_workspace/teaching/2026_Winston/pd
f-to-latex/output/hansen-econometrics/snippets/page-0002/p0002-b0017.tex)
(/Users/che/Library/CloudStorage/Dropbox/che_workspace/teaching/2026_Winston/pd
f-to-latex/output/hansen-econometrics/snippets/page-0002/p0002-b0018.tex)
(/Users/che/Library/CloudStorage/Dropbox/che_workspace/teaching/2026_Winston/pd
f-to-latex/output/hansen-econometrics/snippets/page-0002/p0002-b0019.tex)
(/Users/che/Library/CloudStorage/Dropbox/che_workspace/teaching/2026_Winston/pd
f-to-latex/output/hansen-econometrics/snippets/page-0002/p0002-b0020.tex)
(/Users/che/Library/CloudStorage/Dropbox/che_workspace/teaching/2026_Winston/pd
f-to-latex/output/hansen-econometrics/snippets/page-0002/p0002-b0021.tex)
(/Users/che/Library/CloudStorage/Dropbox/che_workspace/teaching/2026_Winston/pd
f-to-latex/output/hansen-econometrics/snippets/page-0002/p0002-b0022.tex)
(/Users/che/Library/CloudStorage/Dropbox/che_workspace/teaching/2026_Winston/pd
f-to-latex/output/hansen-econometrics/snippets/page-0002/p0002-b0023.tex)
(/Users/che/Library/CloudStorage/Dropbox/che_workspace/teaching/2026_Winston/pd
f-to-latex/output/hansen-econometrics/snippets/page-0002/p0002-b0024.tex)
(/Users/che/Library/CloudStorage/Dropbox/che_workspace/teaching/2026_Winston/pd
f-to-latex/output/hansen-econometrics/snippets/page-0002/p0002-b0025.tex)
(/Users/che/Library/CloudStorage/Dropbox/che_workspace/teaching/2026_Winston/pd
f-to-latex/output/hansen-econometrics/snippets/page-0002/p0002-b0026.tex)
(/Users/che/Library/CloudStorage/Dropbox/che_workspace/teaching/2026_Winston/pd
f-to-latex/output/hansen-econometrics/snippets/page-0002/p0002-b0027.tex)
(/Users/che/Library/CloudStorage/Dropbox/che_workspace/teaching/2026_Winston/pd
f-to-latex/output/hansen-econometrics/snippets/page-0002/p0002-b0028.tex)
(/Users/che/Library/CloudStorage/Dropbox/che_workspace/teaching/2026_Winston/pd
f-to-latex/output/hansen-econometrics/snippets/page-0002/p0002-b0029.tex)
(/Users/che/Library/CloudStorage/Dropbox/che_workspace/teaching/2026_Winston/pd
f-to-latex/output/hansen-econometrics/snippets/page-0002/p0002-b0030.tex)
(/Users/che/Library/CloudStorage/Dropbox/che_workspace/teaching/2026_Winston/pd
f-to-latex/output/hansen-econometrics/snippets/page-0002/p0002-b0031.tex)
(/Users/che/Library/CloudStorage/Dropbox/che_workspace/teaching/2026_Winston/pd
f-to-latex/output/hansen-econometrics/snippets/page-0002/p0002-b0032.tex)
(/Users/che/Library/CloudStorage/Dropbox/che_workspace/teaching/2026_Winston/pd
f-to-latex/output/hansen-econometrics/snippets/page-0002/p0002-b0033.tex)
(/Users/che/Library/CloudStorage/Dropbox/che_workspace/teaching/2026_Winston/pd
f-to-latex/output/hansen-econometrics/snippets/page-0002/p0002-b0034.tex)
(/Users/che/Library/CloudStorage/Dropbox/che_workspace/teaching/2026_Winston/pd
f-to-latex/output/hansen-econometrics/snippets/page-0002/p0002-b0035.tex)
(/Users/che/Library/CloudStorage/Dropbox/che_workspace/teaching/2026_Winston/pd
f-to-latex/output/hansen-econometrics/snippets/page-0002/p0002-b0036.tex)
(/Users/che/Library/CloudStorage/Dropbox/che_workspace/teaching/2026_Winston/pd
f-to-latex/output/hansen-econometrics/snippets/page-0002/p0002-b0037.tex)
(/Users/che/Library/CloudStorage/Dropbox/che_workspace/teaching/2026_Winston/pd
f-to-latex/output/hansen-econometrics/snippets/page-0002/p0002-b0038.tex)
(/Users/che/Library/CloudStorage/Dropbox/che_workspace/teaching/2026_Winston/pd
f-to-latex/output/hansen-econometrics/snippets/page-0002/p0002-b0039.tex)
(/Users/che/Library/CloudStorage/Dropbox/che_workspace/teaching/2026_Winston/pd
f-to-latex/output/hansen-econometrics/snippets/page-0002/p0002-b0040.tex)
(/Users/che/Library/CloudStorage/Dropbox/che_workspace/teaching/2026_Winston/pd
f-to-latex/output/hansen-econometrics/snippets/page-0002/p0002-b0041.tex)
(/Users/che/Library/CloudStorage/Dropbox/che_workspace/teaching/2026_Winston/pd
f-to-latex/output/hansen-econometrics/snippets/page-0002/p0002-b0042.tex)
(/Users/che/Library/CloudStorage/Dropbox/che_workspace/teaching/2026_Winston/pd
f-to-latex/output/hansen-econometrics/snippets/page-0002/p0002-b0043.tex)
(/Users/che/Library/CloudStorage/Dropbox/che_workspace/teaching/2026_Winston/pd
f-to-latex/output/hansen-econometrics/snippets/page-0002/p0002-b0044.tex)
(/Users/che/Library/CloudStorage/Dropbox/che_workspace/teaching/2026_Winston/pd
f-to-latex/output/hansen-econometrics/snippets/page-0002/p0002-b0045.tex)
(/Users/che/Library/CloudStorage/Dropbox/che_workspace/teaching/2026_Winston/pd
f-to-latex/output/hansen-econometrics/snippets/page-0002/p0002-b0046.tex)
(/Users/che/Library/CloudStorage/Dropbox/che_workspace/teaching/2026_Winston/pd
f-to-latex/output/hansen-econometrics/snippets/page-0002/p0002-b0047.tex)
(/Users/che/Library/CloudStorage/Dropbox/che_workspace/teaching/2026_Winston/pd
f-to-latex/output/hansen-econometrics/snippets/page-0002/p0002-b0048.tex)
(/Users/che/Library/CloudStorage/Dropbox/che_workspace/teaching/2026_Winston/pd
f-to-latex/output/hansen-econometrics/snippets/page-0002/p0002-b0049.tex)
(/Users/che/Library/CloudStorage/Dropbox/che_workspace/teaching/2026_Winston/pd
f-to-latex/output/hansen-econometrics/snippets/page-0002/p0002-b0050.tex)
(/Users/che/Library/CloudStorage/Dropbox/che_workspace/teaching/2026_Winston/pd
f-to-latex/output/hansen-econometrics/snippets/page-0002/p0002-b0051.tex)
(/Users/che/Library/CloudStorage/Dropbox/che_workspace/teaching/2026_Winston/pd
f-to-latex/output/hansen-econometrics/snippets/page-0002/p0002-b0052.tex)
(/Users/che/Library/CloudStorage/Dropbox/che_workspace/teaching/2026_Winston/pd
f-to-latex/output/hansen-econometrics/snippets/page-0002/p0002-b0053.tex)
(/Users/che/Library/CloudStorage/Dropbox/che_workspace/teaching/2026_Winston/pd
f-to-latex/output/hansen-econometrics/snippets/page-0002/p0002-b0054.tex)
(/Users/che/Library/CloudStorage/Dropbox/che_workspace/teaching/2026_Winston/pd
f-to-latex/output/hansen-econometrics/snippets/page-0002/p0002-b0055.tex)
(/Users/che/Library/CloudStorage/Dropbox/che_workspace/teaching/2026_Winston/pd
f-to-latex/output/hansen-econometrics/snippets/page-0002/p0002-b0056.tex)
(/Users/che/Library/CloudStorage/Dropbox/che_workspace/teaching/2026_Winston/pd
f-to-latex/output/hansen-econometrics/snippets/page-0002/p0002-b0057.tex)
(/Users/che/Library/CloudStorage/Dropbox/che_workspace/teaching/2026_Winston/pd
f-to-latex/output/hansen-econometrics/snippets/page-0002/p0002-b0058.tex)
(/Users/che/Library/CloudStorage/Dropbox/che_workspace/teaching/2026_Winston/pd
f-to-latex/output/hansen-econometrics/snippets/page-0002/p0002-b0059.tex)
(/Users/che/Library/CloudStorage/Dropbox/che_workspace/teaching/2026_Winston/pd
f-to-latex/output/hansen-econometrics/snippets/page-0002/p0002-b0060.tex)
(/Users/che/Library/CloudStorage/Dropbox/che_workspace/teaching/2026_Winston/pd
f-to-latex/output/hansen-econometrics/snippets/page-0002/p0002-b0061.tex)
(/Users/che/Library/CloudStorage/Dropbox/che_workspace/teaching/2026_Winston/pd
f-to-latex/output/hansen-econometrics/snippets/page-0002/p0002-b0062.tex)
(/Users/che/Library/CloudStorage/Dropbox/che_workspace/teaching/2026_Winston/pd
f-to-latex/output/hansen-econometrics/snippets/page-0002/p0002-b0063.tex)
(/Users/che/Library/CloudStorage/Dropbox/che_workspace/teaching/2026_Winston/pd
f-to-latex/output/hansen-econometrics/snippets/page-0002/p0002-b0064.tex)
(/Users/che/Library/CloudStorage/Dropbox/che_workspace/teaching/2026_Winston/pd
f-to-latex/output/hansen-econometrics/snippets/page-0002/p0002-b0065.tex)
(/Users/che/Library/CloudStorage/Dropbox/che_workspace/teaching/2026_Winston/pd
f-to-latex/output/hansen-econometrics/snippets/page-0002/p0002-b0066.tex)
(/Users/che/Library/CloudStorage/Dropbox/che_workspace/teaching/2026_Winston/pd
f-to-latex/output/hansen-econometrics/snippets/page-0002/p0002-b0067.tex)
(/Users/che/Library/CloudStorage/Dropbox/che_workspace/teaching/2026_Winston/pd
f-to-latex/output/hansen-econometrics/snippets/page-0002/p0002-b0068.tex)
(/Users/che/Library/CloudStorage/Dropbox/che_workspace/teaching/2026_Winston/pd
f-to-latex/output/hansen-econometrics/snippets/page-0002/p0002-b0069.tex)
(/Users/che/Library/CloudStorage/Dropbox/che_workspace/teaching/2026_Winston/pd
f-to-latex/output/hansen-econometrics/snippets/page-0002/p0002-b0070.tex)
(/Users/che/Library/CloudStorage/Dropbox/che_workspace/teaching/2026_Winston/pd
f-to-latex/output/hansen-econometrics/snippets/page-0002/p0002-b0071.tex)
(/Users/che/Library/CloudStorage/Dropbox/che_workspace/teaching/2026_Winston/pd
f-to-latex/output/hansen-econometrics/snippets/page-0002/p0002-b0072.tex)
(/Users/che/Library/CloudStorage/Dropbox/che_workspace/teaching/2026_Winston/pd
f-to-latex/output/hansen-econometrics/snippets/page-0002/p0002-b0073.tex)
(/Users/che/Library/CloudStorage/Dropbox/che_workspace/teaching/2026_Winston/pd
f-to-latex/output/hansen-econometrics/snippets/page-0002/p0002-b0074.tex)
(/Users/che/Library/CloudStorage/Dropbox/che_workspace/teaching/2026_Winston/pd
f-to-latex/output/hansen-econometrics/snippets/page-0002/p0002-b0075.tex)

[2 </Users/che/Library/CloudStorage/Dropbox/che_workspace/teaching/2026_Winston
/pdf-to-latex/output/hansen-econometrics/pages/page-0002.png>])
(/Users/che/Library/CloudStorage/Dropbox/che_workspace/teaching/2026_Winston/pd
f-to-latex/output/hansen-econometrics/semantic/pages/page-0003.tex
</Users/che/Library/CloudStorage/Dropbox/che_workspace/teaching/2026_Winston/pd
f-to-latex/output/hansen-econometrics/pages/page-0003.png, id=19, 1842.885pt x 
2384.91pt>
File: /Users/che/Library/CloudStorage/Dropbox/che_workspace/teaching/2026_Winst
on/pdf-to-latex/output/hansen-econometrics/pages/page-0003.png Graphic file (ty
pe png)
<use /Users/che/Library/CloudStorage/Dropbox/che_workspace/teaching/2026_Winsto
n/pdf-to-latex/output/hansen-econometrics/pages/page-0003.png>
Package pdftex.def Info: /Users/che/Library/CloudStorage/Dropbox/che_workspace/
teaching/2026_Winston/pdf-to-latex/output/hansen-econometrics/pages/page-0003.p
ng  used on input line 3.
(pdftex.def)             Requested size: 614.28413pt x 794.95593pt.

(/Users/che/Library/CloudStorage/Dropbox/che_workspace/teaching/2026_Winston/pd
f-to-latex/output/hansen-econometrics/snippets/page-0003/p0003-b0001.tex)
(/Users/che/Library/CloudStorage/Dropbox/che_workspace/teaching/2026_Winston/pd
f-to-latex/output/hansen-econometrics/snippets/page-0003/p0003-b0002.tex)
(/Users/che/Library/CloudStorage/Dropbox/che_workspace/teaching/2026_Winston/pd
f-to-latex/output/hansen-econometrics/snippets/page-0003/p0003-b0003.tex)
(/Users/che/Library/CloudStorage/Dropbox/che_workspace/teaching/2026_Winston/pd
f-to-latex/output/hansen-econometrics/snippets/page-0003/p0003-b0004.tex)
(/Users/che/Library/CloudStorage/Dropbox/che_workspace/teaching/2026_Winston/pd
f-to-latex/output/hansen-econometrics/snippets/page-0003/p0003-b0005.tex)
(/Users/che/Library/CloudStorage/Dropbox/che_workspace/teaching/2026_Winston/pd
f-to-latex/output/hansen-econometrics/snippets/page-0003/p0003-b0006.tex)
(/Users/che/Library/CloudStorage/Dropbox/che_workspace/teaching/2026_Winston/pd
f-to-latex/output/hansen-econometrics/snippets/page-0003/p0003-b0007.tex)
(/Users/che/Library/CloudStorage/Dropbox/che_workspace/teaching/2026_Winston/pd
f-to-latex/output/hansen-econometrics/snippets/page-0003/p0003-b0008.tex)
(/Users/che/Library/CloudStorage/Dropbox/che_workspace/teaching/2026_Winston/pd
f-to-latex/output/hansen-econometrics/snippets/page-0003/p0003-b0009.tex)
(/Users/che/Library/CloudStorage/Dropbox/che_workspace/teaching/2026_Winston/pd
f-to-latex/output/hansen-econometrics/snippets/page-0003/p0003-b0010.tex)
(/Users/che/Library/CloudStorage/Dropbox/che_workspace/teaching/2026_Winston/pd
f-to-latex/output/hansen-econometrics/snippets/page-0003/p0003-b0011.tex)
(/Users/che/Library/CloudStorage/Dropbox/che_workspace/teaching/2026_Winston/pd
f-to-latex/output/hansen-econometrics/snippets/page-0003/p0003-b0012.tex)
(/Users/che/Library/CloudStorage/Dropbox/che_workspace/teaching/2026_Winston/pd
f-to-latex/output/hansen-econometrics/snippets/page-0003/p0003-b0013.tex)
(/Users/che/Library/CloudStorage/Dropbox/che_workspace/teaching/2026_Winston/pd
f-to-latex/output/hansen-econometrics/snippets/page-0003/p0003-b0014.tex)
(/Users/che/Library/CloudStorage/Dropbox/che_workspace/teaching/2026_Winston/pd
f-to-latex/output/hansen-econometrics/snippets/page-0003/p0003-b0015.tex)
(/Users/che/Library/CloudStorage/Dropbox/che_workspace/teaching/2026_Winston/pd
f-to-latex/output/hansen-econometrics/snippets/page-0003/p0003-b0017.tex)
(/Users/che/Library/CloudStorage/Dropbox/che_workspace/teaching/2026_Winston/pd
f-to-latex/output/hansen-econometrics/snippets/page-0003/p0003-b0018.tex)
(/Users/che/Library/CloudStorage/Dropbox/che_workspace/teaching/2026_Winston/pd
f-to-latex/output/hansen-econometrics/snippets/page-0003/p0003-b0019.tex)
(/Users/che/Library/CloudStorage/Dropbox/che_workspace/teaching/2026_Winston/pd
f-to-latex/output/hansen-econometrics/snippets/page-0003/p0003-b0020.tex)
(/Users/che/Library/CloudStorage/Dropbox/che_workspace/teaching/2026_Winston/pd
f-to-latex/output/hansen-econometrics/snippets/page-0003/p0003-b0021.tex)
(/Users/che/Library/CloudStorage/Dropbox/che_workspace/teaching/2026_Winston/pd
f-to-latex/output/hansen-econometrics/snippets/page-0003/p0003-b0022.tex)
(/Users/che/Library/CloudStorage/Dropbox/che_workspace/teaching/2026_Winston/pd
f-to-latex/output/hansen-econometrics/snippets/page-0003/p0003-b0023.tex)
(/Users/che/Library/CloudStorage/Dropbox/che_workspace/teaching/2026_Winston/pd
f-to-latex/output/hansen-econometrics/snippets/page-0003/p0003-b0024.tex)
(/Users/che/Library/CloudStorage/Dropbox/che_workspace/teaching/2026_Winston/pd
f-to-latex/output/hansen-econometrics/snippets/page-0003/p0003-b0025.tex)
(/Users/che/Library/CloudStorage/Dropbox/che_workspace/teaching/2026_Winston/pd
f-to-latex/output/hansen-econometrics/snippets/page-0003/p0003-b0026.tex)
(/Users/che/Library/CloudStorage/Dropbox/che_workspace/teaching/2026_Winston/pd
f-to-latex/output/hansen-econometrics/snippets/page-0003/p0003-b0027.tex)
(/Users/che/Library/CloudStorage/Dropbox/che_workspace/teaching/2026_Winston/pd
f-to-latex/output/hansen-econometrics/snippets/page-0003/p0003-b0028.tex)
(/Users/che/Library/CloudStorage/Dropbox/che_workspace/teaching/2026_Winston/pd
f-to-latex/output/hansen-econometrics/snippets/page-0003/p0003-b0029.tex)
(/Users/che/Library/CloudStorage/Dropbox/che_workspace/teaching/2026_Winston/pd
f-to-latex/output/hansen-econometrics/snippets/page-0003/p0003-b0030.tex)
(/Users/che/Library/CloudStorage/Dropbox/che_workspace/teaching/2026_Winston/pd
f-to-latex/output/hansen-econometrics/snippets/page-0003/p0003-b0031.tex)
(/Users/che/Library/CloudStorage/Dropbox/che_workspace/teaching/2026_Winston/pd
f-to-latex/output/hansen-econometrics/snippets/page-0003/p0003-b0032.tex)
(/Users/che/Library/CloudStorage/Dropbox/che_workspace/teaching/2026_Winston/pd
f-to-latex/output/hansen-econometrics/snippets/page-0003/p0003-b0033.tex)
(/Users/che/Library/CloudStorage/Dropbox/che_workspace/teaching/2026_Winston/pd
f-to-latex/output/hansen-econometrics/snippets/page-0003/p0003-b0034.tex)
(/Users/che/Library/CloudStorage/Dropbox/che_workspace/teaching/2026_Winston/pd
f-to-latex/output/hansen-econometrics/snippets/page-0003/p0003-b0035.tex)
(/Users/che/Library/CloudStorage/Dropbox/che_workspace/teaching/2026_Winston/pd
f-to-latex/output/hansen-econometrics/snippets/page-0003/p0003-b0036.tex)
(/Users/che/Library/CloudStorage/Dropbox/che_workspace/teaching/2026_Winston/pd
f-to-latex/output/hansen-econometrics/snippets/page-0003/p0003-b0037.tex)
(/Users/che/Library/CloudStorage/Dropbox/che_workspace/teaching/2026_Winston/pd
f-to-latex/output/hansen-econometrics/snippets/page-0003/p0003-b0038.tex)
(/Users/che/Library/CloudStorage/Dropbox/che_workspace/teaching/2026_Winston/pd
f-to-latex/output/hansen-econometrics/snippets/page-0003/p0003-b0039.tex)
(/Users/che/Library/CloudStorage/Dropbox/che_workspace/teaching/2026_Winston/pd
f-to-latex/output/hansen-econometrics/snippets/page-0003/p0003-b0040.tex)
(/Users/che/Library/CloudStorage/Dropbox/che_workspace/teaching/2026_Winston/pd
f-to-latex/output/hansen-econometrics/snippets/page-0003/p0003-b0041.tex)
(/Users/che/Library/CloudStorage/Dropbox/che_workspace/teaching/2026_Winston/pd
f-to-latex/output/hansen-econometrics/snippets/page-0003/p0003-b0043.tex)
(/Users/che/Library/CloudStorage/Dropbox/che_workspace/teaching/2026_Winston/pd
f-to-latex/output/hansen-econometrics/snippets/page-0003/p0003-b0042.tex)
(/Users/che/Library/CloudStorage/Dropbox/che_workspace/teaching/2026_Winston/pd
f-to-latex/output/hansen-econometrics/snippets/page-0003/p0003-b0044.tex)
(/Users/che/Library/CloudStorage/Dropbox/che_workspace/teaching/2026_Winston/pd
f-to-latex/output/hansen-econometrics/snippets/page-0003/p0003-b0045.tex)
(/Users/che/Library/CloudStorage/Dropbox/che_workspace/teaching/2026_Winston/pd
f-to-latex/output/hansen-econometrics/snippets/page-0003/p0003-b0046.tex)
(/Users/che/Library/CloudStorage/Dropbox/che_workspace/teaching/2026_Winston/pd
f-to-latex/output/hansen-econometrics/snippets/page-0003/p0003-b0047.tex)
(/Users/che/Library/CloudStorage/Dropbox/che_workspace/teaching/2026_Winston/pd
f-to-latex/output/hansen-econometrics/snippets/page-0003/p0003-b0048.tex)
(/Users/che/Library/CloudStorage/Dropbox/che_workspace/teaching/2026_Winston/pd
f-to-latex/output/hansen-econometrics/snippets/page-0003/p0003-b0049.tex)
(/Users/che/Library/CloudStorage/Dropbox/che_workspace/teaching/2026_Winston/pd
f-to-latex/output/hansen-econometrics/snippets/page-0003/p0003-b0051.tex)
(/Users/che/Library/CloudStorage/Dropbox/che_workspace/teaching/2026_Winston/pd
f-to-latex/output/hansen-econometrics/snippets/page-0003/p0003-b0052.tex)
(/Users/che/Library/CloudStorage/Dropbox/che_workspace/teaching/2026_Winston/pd
f-to-latex/output/hansen-econometrics/snippets/page-0003/p0003-b0053.tex)
(/Users/che/Library/CloudStorage/Dropbox/che_workspace/teaching/2026_Winston/pd
f-to-latex/output/hansen-econometrics/snippets/page-0003/p0003-b0054.tex)
(/Users/che/Library/CloudStorage/Dropbox/che_workspace/teaching/2026_Winston/pd
f-to-latex/output/hansen-econometrics/snippets/page-0003/p0003-b0055.tex)
(/Users/che/Library/CloudStorage/Dropbox/che_workspace/teaching/2026_Winston/pd
f-to-latex/output/hansen-econometrics/snippets/page-0003/p0003-b0057.tex)
(/Users/che/Library/CloudStorage/Dropbox/che_workspace/teaching/2026_Winston/pd
f-to-latex/output/hansen-econometrics/snippets/page-0003/p0003-b0058.tex)
(/Users/che/Library/CloudStorage/Dropbox/che_workspace/teaching/2026_Winston/pd
f-to-latex/output/hansen-econometrics/snippets/page-0003/p0003-b0060.tex)
(/Users/che/Library/CloudStorage/Dropbox/che_workspace/teaching/2026_Winston/pd
f-to-latex/output/hansen-econometrics/snippets/page-0003/p0003-b0061.tex)

[3 </Users/che/Library/CloudStorage/Dropbox/che_workspace/teaching/2026_Winston
/pdf-to-latex/output/hansen-econometrics/pages/page-0003.png>]))
(build/main.aux)
 ***********
LaTeX2e <2024-11-01> patch level 2
L3 programming layer <2025-01-18>
 ***********
 ) 
Here is how much of TeX's memory you used:
 3991 strings out of 473190
 163996 string characters out of 5715800
 485511 words of memory out of 5000000
 26805 multiletter control sequences out of 15000+600000
 559826 words of font info for 39 fonts, out of 8000000 for 9000
 1141 hyphenation exceptions out of 8191
 59i,8n,70p,698b,218s stack positions out of 10000i,1000n,20000p,200000b,200000s
</usr/local/texlive/2025/texmf-dist/fonts/type1/public/amsfonts/cm/cmbx10.pfb
></usr/local/texlive/2025/texmf-dist/fonts/type1/public/amsfonts/cm/cmr10.pfb><
/usr/local/texlive/2025/texmf-dist/fonts/type1/public/amsfonts/cm/cmr7.pfb></us
r/local/texlive/2025/texmf-dist/fonts/type1/public/amsfonts/cm/cmsy10.pfb></usr
/local/texlive/2025/texmf-dist/fonts/type1/public/amsfonts/cm/cmti10.pfb></usr/
local/texlive/2025/texmf-dist/fonts/type1/public/cm-super/sfrm1000.pfb>
Output written on build/main.pdf (3 pages, 834346 bytes).
PDF statistics:
 52 PDF objects out of 1000 (max. 8388607)
 28 compressed objects within 1 object stream
 0 named destinations out of 1000 (max. 500000)
 16 words of extra memory for PDF output out of 10000 (max. 10000000)

